{"type":["init_ps"],"time":["2024-05-04 23:56:15"],"user":["IdilAzak"],"umph":[1714859775.6449],"ok":[true]}
,
{"type":["check_chunk"],"time":["2024-05-04 23:56:16"],"user":["IdilAzak"],"umph":[1714859776.0868],"ok":[true],"chunk":[1],"ex":[1],"e.ind":[0],"code":["library(wooldridge)\ndata(wage1)\nhead(wage1)\nskim(wage1)"],"message":[""]}
,
{"type":["check_chunk"],"time":["2024-05-04 23:56:16"],"user":["IdilAzak"],"umph":[1714859776.1004],"ok":[true],"chunk":[2],"ex":[1],"e.ind":[0],"code":["reg1 <- lm(wage ~ educ, data = wage1)\nsummary(reg1)\n"],"message":[""]}
,
{"type":["check_chunk"],"time":["2024-05-04 23:56:16"],"user":["IdilAzak"],"umph":[1714859776.1048],"ok":[false],"chunk":[3],"ex":[1],"e.ind":[1],"code":["\n# enter your code here ...\n"],"message":["\nYou have not yet entered all correct commands in chunk 1_c."]}
,
{"type":["check_ps"],"time":["2024-05-04 23:57:17"],"user":["IdilAzak"],"umph":[1714859837.8623],"ok":[true]}
,
{"type":["check_chunk"],"time":["2024-05-04 23:57:17"],"user":["IdilAzak"],"umph":[1714859837.8733],"ok":[true],"chunk":[3],"ex":[1],"e.ind":[0],"code":["\"nein\""],"message":[""]}
,
{"type":["check_chunk"],"time":["2024-05-04 23:57:17"],"user":["IdilAzak"],"umph":[1714859837.9472],"ok":[false],"chunk":[4],"ex":[1],"e.ind":[0],"code":["wage1 %>%\n mutate(gender = ifelse(female==1,\".PH_._\",\".PH_._\")) %>%\n group_by(gender) %>%\n summarize(mean(.PH_._))\n\n# enter your code here ...\n"],"message":["evaluation error in \n  wage1 %>% mutate(gender = ifelse(female == 1, \"___\", \"___\")) %>% group_by(gender) %>% summarize(mean(___))\n  \u001b[1m\u001b[33mError\u001b[39m in `summarize()`:\u001b[22m\n\u001b[38;5;232m\u001b[36mℹ\u001b[38;5;232m In argument: `mean(___)`.\n\u001b[36mℹ\u001b[38;5;232m In group 1: `gender = \"___\"`.\u001b[39m\n\u001b[1mCaused by error:\u001b[22m\n\u001b[33m!\u001b[39m object '___' not found\n"]}
,
{"type":["check_ps"],"time":["2024-05-04 23:59:42"],"user":["IdilAzak"],"umph":[1714859982.0543],"ok":[true]}
,
{"type":["check_chunk"],"time":["2024-05-04 23:59:42"],"user":["IdilAzak"],"umph":[1714859982.2053],"ok":[false],"chunk":[4],"ex":[1],"e.ind":[1],"code":["wage1 %>%\n mutate(gender = ifelse(female==1,\"Frauen\",\"Männer\")) %>%\n group_by(gender) %>%\n summarize(mean(gender))"],"message":["\nYou have not yet entered all correct commands in chunk 1_e."]}
,
{"type":["check_ps"],"time":["2024-05-05 00:00:51"],"user":["IdilAzak"],"umph":[1714860051.214],"ok":[true]}
,
{"type":["check_chunk"],"time":["2024-05-05 00:00:51"],"user":["IdilAzak"],"umph":[1714860051.2432],"ok":[true],"chunk":[5],"ex":[1],"e.ind":[0],"code":["grViz('digraph G {\n\nx [label=\"Ausbildungsjahre x\"]\ny [label=\"Stundenlohn y\"]\nw [label=\"maennlich\"]\n\nx -> y [label=\"+\"];\nw -> x [label=\"+\"];\nw -> y [label=\"+\"];\n}')"],"message":[""]}
,
{"type":["check_chunk"],"time":["2024-05-05 00:00:51"],"user":["IdilAzak"],"umph":[1714860051.2471],"ok":[false],"chunk":[6],"ex":[1],"e.ind":[1],"code":["\n# enter your code here ...\n"],"message":["\nYou have not yet entered all correct commands in chunk 1_e_3."]}
,
{"type":["check_ps"],"time":["2024-05-05 00:03:03"],"user":["IdilAzak"],"umph":[1714860183.8268],"ok":[true]}
,
{"type":["check_chunk"],"time":["2024-05-05 00:03:03"],"user":["IdilAzak"],"umph":[1714860183.8618],"ok":[true],"chunk":[6],"ex":[1],"e.ind":[0],"code":["1\n"],"message":[""]}
,
{"type":["check_chunk"],"time":["2024-05-05 00:03:03"],"user":["IdilAzak"],"umph":[1714860183.8771],"ok":[true],"chunk":[7],"ex":[1],"e.ind":[0],"code":["reg2 <- lm(wage ~ educ + female, data=wage1)\nsummary(reg2)"],"message":[""]}
,
{"type":["check_chunk"],"time":["2024-05-05 00:03:03"],"user":["IdilAzak"],"umph":[1714860183.8963],"ok":[true],"chunk":[8],"ex":[1],"e.ind":[0],"code":["grViz('digraph G {\nx -> y [label=\"+\"];\nw -> y [label=\"+\"];\n}')"],"message":[""]}
,
{"type":["check_chunk"],"time":["2024-05-05 00:03:03"],"user":["IdilAzak"],"umph":[1714860183.9027],"ok":[false],"chunk":[9],"ex":[1],"e.ind":[1],"code":["\n# enter your code here ...\n"],"message":["\nYou have not yet entered all correct commands in chunk 1_g_2."]}
,
{"type":["hint"],"time":["2024-05-05 00:03:43"],"user":["IdilAzak"],"umph":[1714860223.3056],"ok":[true],"chunk":[9],"ex":[1],"e.ind":[1]}
,
{"type":["check_ps"],"time":["2024-05-05 00:04:35"],"user":["IdilAzak"],"umph":[1714860275.9034],"ok":[true]}
,
{"type":["check_chunk"],"time":["2024-05-05 00:04:35"],"user":["IdilAzak"],"umph":[1714860275.9355],"ok":[true],"chunk":[9],"ex":[1],"e.ind":[0],"code":["\"unverzerrt\""],"message":[""]}
,
{"type":["check_chunk"],"time":["2024-05-05 00:04:36"],"user":["IdilAzak"],"umph":[1714860276.081],"ok":[true],"chunk":[10],"ex":[1],"e.ind":[0],"code":["########################################\n# Beispiel 1: w hat nur Einfluss auf y\n########################################\nset.seed(123)\nn <- 10000\nbeta1 <- 2 # wahrer kausaler effekt\nw <- rnorm(n,0,1)\nx <- rnorm(n,0,1)\ny <- beta1*x + w + rnorm(n,0,1)\n\n# Regression mit w als Kontrollvariable\nreg1 <- lm(y~x+w)\n# Regression ohne w als Kontrollvariable\nreg2 <- lm(y~x)\n# Zeige Ergbenisse nebeneinander\nlibrary(stargazer)\nstargazer(reg1, reg2, type=\"text\", digits=3, keep.stat=c(\"n\"))"],"message":[""]}
,
{"type":["check_chunk"],"time":["2024-05-05 00:04:36"],"user":["IdilAzak"],"umph":[1714860276.2187],"ok":[true],"chunk":[11],"ex":[1],"e.ind":[0],"code":["########################################\n# Beispiel 2: w hat Einfluss auf y und x\n########################################\nset.seed(123)\nn <- 10000\nbeta1 <- 2 # wahrer kausaler effekt\nw <- rnorm(n,0,1)\nx <- rnorm(n,0,1) + w\ny <- beta1*x + w + rnorm(n,0,1)\n\n# Regression mit w als Kontrollvariable\nreg1 <- lm(y~x+w)\n# Regression ohne w als Kontrollvariable\nreg2 <- lm(y~x)\n# Zeige Ergbenisse nebeneinander\nstargazer(reg1, reg2, type=\"text\", digits=3, keep.stat=c(\"n\"))"],"message":[""]}
,
{"type":["check_chunk"],"time":["2024-05-05 00:04:36"],"user":["IdilAzak"],"umph":[1714860276.2232],"ok":[false],"chunk":[12],"ex":[1],"e.ind":[1],"code":["\n# enter your code here ...\n"],"message":["\nYou have not yet entered all correct commands in chunk 1_g_5."]}
,
{"type":["hint"],"time":["2024-05-05 00:05:41"],"user":["IdilAzak"],"umph":[1714860341.2132],"ok":[true],"chunk":[12],"ex":[1],"e.ind":[1]}
,
{"type":["hint"],"time":["2024-05-05 00:05:47"],"user":["IdilAzak"],"umph":[1714860347.1304],"ok":[true],"chunk":[12],"ex":[1],"e.ind":[1]}
,
{"type":["check_ps"],"time":["2024-05-05 00:06:10"],"user":["IdilAzak"],"umph":[1714860370.7247],"ok":[true]}
,
{"type":["check_chunk"],"time":["2024-05-05 00:06:10"],"user":["IdilAzak"],"umph":[1714860370.737],"ok":[true],"chunk":[12],"ex":[1],"e.ind":[0],"code":["\"nein\""],"message":[""]}
,
{"type":["check_chunk"],"time":["2024-05-05 00:06:10"],"user":["IdilAzak"],"umph":[1714860370.7446],"ok":[true],"chunk":[13],"ex":[1],"e.ind":[0],"code":["confint(lm(y~x))"],"message":[""]}
,
{"type":["check_chunk"],"time":["2024-05-05 00:06:10"],"user":["IdilAzak"],"umph":[1714860370.7625],"ok":[true],"chunk":[14],"ex":[1],"e.ind":[0],"code":["\nconfint(lm(y~x), level = 0.99)"],"message":[""]}
,
{"type":["check_chunk"],"time":["2024-05-05 00:06:10"],"user":["IdilAzak"],"umph":[1714860370.7675],"ok":[true],"chunk":[15],"ex":[1],"e.ind":[0],"code":["cor(wage1$exper,wage1$wage)"],"message":[""]}
,
{"type":["check_chunk"],"time":["2024-05-05 00:06:10"],"user":["IdilAzak"],"umph":[1714860370.7719],"ok":[true],"chunk":[16],"ex":[1],"e.ind":[0],"code":["cor(wage1$exper,wage1$educ)"],"message":[""]}
,
{"type":["check_chunk"],"time":["2024-05-05 00:06:10"],"user":["IdilAzak"],"umph":[1714860370.7873],"ok":[true],"chunk":[17],"ex":[1],"e.ind":[0],"code":["grViz('digraph G {\n\nx [label=\"Ausbildungsjahre x\"]\ny [label=\"Stundenlohn y\"]\nw [label=\"Arbeitserfahrung\"]\n\nx -> y [label=\"+\"];\nx -> w [label=\"-\"];\nw -> y [label=\"+\"];\n}')\n"],"message":[""]}
,
{"type":["check_chunk"],"time":["2024-05-05 00:06:10"],"user":["IdilAzak"],"umph":[1714860370.7923],"ok":[true],"chunk":[18],"ex":[1],"e.ind":[0],"code":["coef(lm(wage~educ, data=wage1))"],"message":[""]}
,
{"type":["check_chunk"],"time":["2024-05-05 00:06:10"],"user":["IdilAzak"],"umph":[1714860370.797],"ok":[false],"chunk":[19],"ex":[1],"e.ind":[1],"code":["\n# enter your code here ...\n"],"message":["\nYou have not yet entered all correct commands in chunk 1_h_5."]}
,
{"type":["check_ps"],"time":["2024-05-05 00:07:13"],"user":["IdilAzak"],"umph":[1714860433.1882],"ok":[true]}
,
{"type":["check_chunk"],"time":["2024-05-05 00:07:13"],"user":["IdilAzak"],"umph":[1714860433.2109],"ok":[true],"chunk":[19],"ex":[1],"e.ind":[0],"code":["\"groesser\"\n"],"message":[""]}
,
{"type":["check_chunk"],"time":["2024-05-05 00:07:13"],"user":["IdilAzak"],"umph":[1714860433.217],"ok":[true],"chunk":[20],"ex":[1],"e.ind":[0],"code":["coef(lm(wage~educ+exper, data=wage1))"],"message":[""]}
,
{"type":["check_chunk"],"time":["2024-05-05 00:07:13"],"user":["IdilAzak"],"umph":[1714860433.2234],"ok":[false],"chunk":[21],"ex":[1],"e.ind":[1],"code":["\n# enter your code here ...\n"],"message":["\nYou have not yet entered all correct commands in chunk 1_h_7."]}
,
{"type":["hint"],"time":["2024-05-05 00:07:21"],"user":["IdilAzak"],"umph":[1714860441.0427],"ok":[true],"chunk":[21],"ex":[1],"e.ind":[1]}
,
{"type":["check_ps"],"time":["2024-05-05 00:08:01"],"user":["IdilAzak"],"umph":[1714860481.955],"ok":[true]}
,
{"type":["check_chunk"],"time":["2024-05-05 00:08:01"],"user":["IdilAzak"],"umph":[1714860481.9659],"ok":[false],"chunk":[21],"ex":[1],"e.ind":[1],"code":["0.64\n"],"message":["\nYou have not yet entered all correct commands in chunk 1_h_7."]}
,
{"type":["check_ps"],"time":["2024-05-05 00:08:22"],"user":["IdilAzak"],"umph":[1714860502.4313],"ok":[true]}
,
{"type":["check_chunk"],"time":["2024-05-05 00:08:22"],"user":["IdilAzak"],"umph":[1714860502.4435],"ok":[true],"chunk":[21],"ex":[1],"e.ind":[0],"code":["0.54\n"],"message":[""]}
,
{"type":["check_chunk"],"time":["2024-05-05 00:08:22"],"user":["IdilAzak"],"umph":[1714860502.4595],"ok":[false],"chunk":[22],"ex":[1],"e.ind":[3],"code":["reg1 <- lm(wage ~ educ, data = wage1)\nreg2 <- lm(wage ~ educ + female + nonwhite, data=wage1)\n\n# enter your code here ...\n"],"message":["\nYou have not yet made an assignment to reg3 in chunk 1_i."]}
,
{"type":["check_ps"],"time":["2024-05-05 00:09:18"],"user":["IdilAzak"],"umph":[1714860558.4026],"ok":[true]}
,
{"type":["check_chunk"],"time":["2024-05-05 00:09:18"],"user":["IdilAzak"],"umph":[1714860558.4188],"ok":[true],"chunk":[22],"ex":[1],"e.ind":[0],"code":["reg1 <- lm(wage ~ educ, data = wage1)\nreg2 <- lm(wage ~ educ + female + nonwhite, data=wage1)\n\nreg3 <- lm(wage ~ educ + female + nonwhite + exper, data=wage1)\n"],"message":[""]}
,
{"type":["check_chunk"],"time":["2024-05-05 00:09:18"],"user":["IdilAzak"],"umph":[1714860558.6226],"ok":[true],"chunk":[23],"ex":[1],"e.ind":[0],"code":["stargazer( reg1, reg2, reg3 ,type = \"text\",  digits=2, omit.stat = c(\"f\",\"ser\"))"],"message":[""]}
,
{"type":["check_chunk"],"time":["2024-05-05 00:09:18"],"user":["IdilAzak"],"umph":[1714860558.6293],"ok":[false],"chunk":[25],"ex":[2],"e.ind":[1],"code":["\n# enter your code here ...\n"],"message":["\nYou have not yet made an assignment to n_train in chunk 2_a_2."]}
,
{"type":["check_ps"],"time":["2024-05-05 00:11:10"],"user":["IdilAzak"],"umph":[1714860670.558],"ok":[true]}
,
{"type":["check_chunk"],"time":["2024-05-05 00:11:10"],"user":["IdilAzak"],"umph":[1714860670.5822],"ok":[true],"chunk":[25],"ex":[2],"e.ind":[0],"code":["n_train <- sum(jtrain3$train)\n\nn_train"],"message":[""]}
,
{"type":["check_chunk"],"time":["2024-05-05 00:11:10"],"user":["IdilAzak"],"umph":[1714860670.5918],"ok":[true],"chunk":[26],"ex":[2],"e.ind":[0],"code":["2"],"message":[""]}
,
{"type":["check_chunk"],"time":["2024-05-05 00:11:10"],"user":["IdilAzak"],"umph":[1714860670.6],"ok":[false],"chunk":[27],"ex":[2],"e.ind":[1],"code":["\n# enter your code here ...\n\n\n# enter your code here ...\n"],"message":["\nYou have not yet made an assignment to reg1 in chunk 2_b."]}
,
{"type":["check_ps"],"time":["2024-05-05 00:11:20"],"user":["IdilAzak"],"umph":[1714860680.7717],"ok":[true]}
,
{"type":["check_chunk"],"time":["2024-05-05 00:11:20"],"user":["IdilAzak"],"umph":[1714860680.828],"ok":[false],"chunk":[27],"ex":[2],"e.ind":[1],"code":["\n"],"message":["\nYou have not yet made an assignment to reg1 in chunk 2_b."]}
,
{"type":["hint"],"time":["2024-05-05 00:11:23"],"user":["IdilAzak"],"umph":[1714860683.081],"ok":[true],"chunk":[27],"ex":[2],"e.ind":[1]}
,
{"type":["hint"],"time":["2024-05-05 00:11:47"],"user":["IdilAzak"],"umph":[1714860707.7788],"ok":[true],"chunk":[27],"ex":[2],"e.ind":[1]}
,
{"type":["check_ps"],"time":["2024-05-05 00:11:50"],"user":["IdilAzak"],"umph":[1714860710.4849],"ok":[true]}
,
{"type":["check_chunk"],"time":["2024-05-05 00:11:50"],"user":["IdilAzak"],"umph":[1714860710.5091],"ok":[true],"chunk":[27],"ex":[2],"e.ind":[0],"code":["reg1 <- lm(unem78 ~ train, data=jtrain3)\nsummary(reg1)"],"message":[""]}
,
{"type":["check_chunk"],"time":["2024-05-05 00:11:50"],"user":["IdilAzak"],"umph":[1714860710.5146],"ok":[false],"chunk":[28],"ex":[2],"e.ind":[0],"code":[".PH_._ %>% \n group_by(.PH_._) %>%\n summarize(mean(train), mean(.PH_._))\n\n# enter your code here ...\n"],"message":["evaluation error in \n  ___ %>% group_by(___) %>% summarize(mean(train), mean(___))\n  Error:  object '___' not found\n"]}
,
{"type":["check_ps"],"time":["2024-05-05 00:12:21"],"user":["IdilAzak"],"umph":[1714860741.7985],"ok":[true]}
,
{"type":["check_chunk"],"time":["2024-05-05 00:12:21"],"user":["IdilAzak"],"umph":[1714860741.8347],"ok":[true],"chunk":[28],"ex":[2],"e.ind":[0],"code":["jtrain3 %>% \n group_by(unem75) %>%\n summarize(mean(train), mean(unem78))"],"message":[""]}
,
{"type":["check_chunk"],"time":["2024-05-05 00:12:21"],"user":["IdilAzak"],"umph":[1714860741.8533],"ok":[true],"chunk":[29],"ex":[2],"e.ind":[0],"code":["library(DiagrammeR)\ngrViz('digraph G {\n\nx [label=\"Weiterbildung in 1977\"]\ny [label=\"Arbeitslos in 1978\"]\nw [label=\"Arbeitslos in 1975\"]\n\nx -> y [label=\"?\"]\nw -> x [label=\"+\"]\nw -> y [label=\"+\"]\n}')"],"message":[""]}
,
{"type":["check_chunk"],"time":["2024-05-05 00:12:21"],"user":["IdilAzak"],"umph":[1714860741.8588],"ok":[false],"chunk":[30],"ex":[2],"e.ind":[1],"code":["\n# enter your code here ...\n"],"message":["\nYou have not yet entered all correct commands in chunk 2_d_2."]}
,
{"type":["check_ps"],"time":["2024-05-05 00:14:10"],"user":["IdilAzak"],"umph":[1714860850.028],"ok":[true]}
,
{"type":["check_chunk"],"time":["2024-05-05 00:14:10"],"user":["IdilAzak"],"umph":[1714860850.0444],"ok":[true],"chunk":[30],"ex":[2],"e.ind":[0],"code":["\"kleiner\""],"message":[""]}
,
{"type":["check_chunk"],"time":["2024-05-05 00:14:10"],"user":["IdilAzak"],"umph":[1714860850.0834],"ok":[true],"chunk":[31],"ex":[2],"e.ind":[0],"code":["reg2 <- lm(unem78 ~ train + unem75, data=jtrain3)\nstargazer(reg1, reg2)"],"message":[""]}
,
{"type":["check_chunk"],"time":["2024-05-05 00:14:10"],"user":["IdilAzak"],"umph":[1714860850.0881],"ok":[false],"chunk":[32],"ex":[2],"e.ind":[1],"code":["\n# enter your code here ...\n"],"message":["\nYou have not yet made an assignment to jtrain3_la in chunk 2_e."]}
,
{"type":["check_ps"],"time":["2024-05-05 00:14:26"],"user":["IdilAzak"],"umph":[1714860866.1382],"ok":[true]}
,
{"type":["check_chunk"],"time":["2024-05-05 00:14:26"],"user":["IdilAzak"],"umph":[1714860866.1513],"ok":[false],"chunk":[32],"ex":[2],"e.ind":[1],"code":["\n"],"message":["\nYou have not yet made an assignment to jtrain3_la in chunk 2_e."]}
,
{"type":["hint"],"time":["2024-05-05 00:14:29"],"user":["IdilAzak"],"umph":[1714860869.6528],"ok":[true],"chunk":[32],"ex":[2],"e.ind":[1]}
,
{"type":["check_ps"],"time":["2024-05-05 00:14:53"],"user":["IdilAzak"],"umph":[1714860893.9226],"ok":[true]}
,
{"type":["check_chunk"],"time":["2024-05-05 00:14:53"],"user":["IdilAzak"],"umph":[1714860893.9414],"ok":[true],"chunk":[32],"ex":[2],"e.ind":[0],"code":["jtrain3_la <- filter(jtrain3, unem75 == 1)\njtrain3_ka <- filter(jtrain3, unem75 == 0)"],"message":[""]}
,
{"type":["check_chunk"],"time":["2024-05-05 00:14:53"],"user":["IdilAzak"],"umph":[1714860893.9466],"ok":[false],"chunk":[33],"ex":[2],"e.ind":[1],"code":["\n# enter your code here ...\n\nstargazer(reg1, reg2, reg_la, reg_ka,type=\"text\",keep.stat=c(\"n\"), column.labels = c(\"alle\",\"alle\", \"Lang Alo\",\"Kurz Alo\") )"],"message":["\nYou have not yet made an assignment to reg_la in chunk 2_e_2."]}
,
{"type":["check_ps"],"time":["2024-05-05 00:15:23"],"user":["IdilAzak"],"umph":[1714860923.4722],"ok":[true]}
,
{"type":["check_chunk"],"time":["2024-05-05 00:15:23"],"user":["IdilAzak"],"umph":[1714860923.6609],"ok":[true],"chunk":[33],"ex":[2],"e.ind":[0],"code":["reg_la <- lm(unem78 ~ train, data=jtrain3_la)\nreg_ka <- lm(unem78 ~ train, data=jtrain3_ka)\n\nstargazer(reg1, reg2, reg_la, reg_ka,type=\"text\",keep.stat=c(\"n\"), column.labels = c(\"alle\",\"alle\", \"Lang Alo\",\"Kurz Alo\") )"],"message":[""]}
,
{"type":["check_chunk"],"time":["2024-05-05 00:15:23"],"user":["IdilAzak"],"umph":[1714860923.8322],"ok":[true],"chunk":[34],"ex":[2],"e.ind":[0],"code":["reg3 <- lm(unem78 ~ train + unem75 + train:unem75 , data=jtrain3)\nstargazer(reg_la, reg_ka, reg3, type=\"text\",keep.stat=c(\"n\"), column.labels = c(\"Lang Alo\",\"Kurz Alo\", \"alle\") )"],"message":[""]}
,
{"type":["check_chunk"],"time":["2024-05-05 00:15:23"],"user":["IdilAzak"],"umph":[1714860923.8361],"ok":[false],"chunk":[35],"ex":[2],"e.ind":[1],"code":["\n# enter your code here ...\n"],"message":["\nYou have not yet entered all correct commands in chunk 2_f_2."]}
,
{"type":["check_ps"],"time":["2024-05-05 00:16:06"],"user":["IdilAzak"],"umph":[1714860966.9466],"ok":[true]}
,
{"type":["check_chunk"],"time":["2024-05-05 00:16:06"],"user":["IdilAzak"],"umph":[1714860966.9589],"ok":[true],"chunk":[35],"ex":[2],"e.ind":[0],"code":["\"nein\""],"message":[""]}
,
{"type":["check_chunk"],"time":["2024-05-05 00:16:07"],"user":["IdilAzak"],"umph":[1714860967.1045],"ok":[false],"chunk":[4],"ex":[1],"e.ind":[1],"code":["wage1 %>%\n mutate(gender = ifelse(female==1,\"Frauen\",\"Männer\")) %>%\n group_by(gender) %>%\n summarize(mean(gender))"],"message":["\nYou have not yet entered all correct commands in chunk 1_e."]}
,
{"type":["check_ps"],"time":["2024-05-05 00:17:02"],"user":["IdilAzak"],"umph":[1714861022.8922],"ok":[true]}
,
{"type":["check_chunk"],"time":["2024-05-05 00:17:03"],"user":["IdilAzak"],"umph":[1714861023.0405],"ok":[false],"chunk":[4],"ex":[1],"e.ind":[1],"code":["wage1 %>%\n mutate(gender = ifelse(female==1,\"Frauen\",\"Männer\")) %>%\n group_by(gender) %>%\n summarize(mean(gender))"],"message":["\nYou have not yet entered all correct commands in chunk 1_e."]}
,
{"type":["grade_ps"],"time":["2024-05-05 00:17:35"],"user":["IdilAzak"],"umph":[1714861055.3083],"ok":[true]}
,
{"type":["init_ps"],"time":["2024-05-05 00:17:35"],"user":["IdilAzak"],"umph":[1714861055.3264],"ok":[true]}
,
{"type":["check_chunk"],"time":["2024-05-05 00:17:35"],"user":["IdilAzak"],"umph":[1714861055.6881],"ok":[true],"chunk":[1],"ex":[1],"e.ind":[0],"code":["library(wooldridge)\ndata(wage1)\nhead(wage1)\nskim(wage1)"],"message":[""]}
,
{"type":["check_chunk"],"time":["2024-05-05 00:17:35"],"user":["IdilAzak"],"umph":[1714861055.6974],"ok":[true],"chunk":[2],"ex":[1],"e.ind":[0],"code":["reg1 <- lm(wage ~ educ, data = wage1)\nsummary(reg1)\n"],"message":[""]}
,
{"type":["check_chunk"],"time":["2024-05-05 00:17:35"],"user":["IdilAzak"],"umph":[1714861055.7009],"ok":[true],"chunk":[3],"ex":[1],"e.ind":[0],"code":["\"nein\""],"message":[""]}
,
{"type":["check_chunk"],"time":["2024-05-05 00:17:35"],"user":["IdilAzak"],"umph":[1714861055.8428],"ok":[false],"chunk":[4],"ex":[1],"e.ind":[1],"code":["wage1 %>%\n mutate(gender = ifelse(female==1,\"Frauen\",\"Männer\")) %>%\n group_by(gender) %>%\n summarize(mean(gender))"],"message":["\nYou have not yet entered all correct commands in chunk 1_e."]}
,
{"type":["check_chunk"],"time":["2024-05-05 00:17:36"],"user":["IdilAzak"],"umph":[1714861056.2325],"ok":[true],"chunk":[24],"ex":[2],"e.ind":[0],"code":["help(jtrain3)\ndata(jtrain3)\nhead(jtrain3)\nskim(jtrain3)"],"message":[""]}
,
{"type":["check_chunk"],"time":["2024-05-05 00:17:36"],"user":["IdilAzak"],"umph":[1714861056.2491],"ok":[true],"chunk":[25],"ex":[2],"e.ind":[0],"code":["n_train <- sum(jtrain3$train)\n\nn_train"],"message":[""]}
,
{"type":["check_chunk"],"time":["2024-05-05 00:17:36"],"user":["IdilAzak"],"umph":[1714861056.2548],"ok":[true],"chunk":[26],"ex":[2],"e.ind":[0],"code":["2"],"message":[""]}
,
{"type":["check_chunk"],"time":["2024-05-05 00:17:36"],"user":["IdilAzak"],"umph":[1714861056.2803],"ok":[true],"chunk":[27],"ex":[2],"e.ind":[0],"code":["reg1 <- lm(unem78 ~ train, data=jtrain3)\nsummary(reg1)"],"message":[""]}
,
{"type":["check_chunk"],"time":["2024-05-05 00:17:36"],"user":["IdilAzak"],"umph":[1714861056.3233],"ok":[true],"chunk":[28],"ex":[2],"e.ind":[0],"code":["jtrain3 %>% \n group_by(unem75) %>%\n summarize(mean(train), mean(unem78))"],"message":[""]}
,
{"type":["check_chunk"],"time":["2024-05-05 00:17:36"],"user":["IdilAzak"],"umph":[1714861056.3409],"ok":[true],"chunk":[29],"ex":[2],"e.ind":[0],"code":["library(DiagrammeR)\ngrViz('digraph G {\n\nx [label=\"Weiterbildung in 1977\"]\ny [label=\"Arbeitslos in 1978\"]\nw [label=\"Arbeitslos in 1975\"]\n\nx -> y [label=\"?\"]\nw -> x [label=\"+\"]\nw -> y [label=\"+\"]\n}')"],"message":[""]}
,
{"type":["check_chunk"],"time":["2024-05-05 00:17:36"],"user":["IdilAzak"],"umph":[1714861056.3455],"ok":[true],"chunk":[30],"ex":[2],"e.ind":[0],"code":["\"kleiner\""],"message":[""]}
,
{"type":["check_chunk"],"time":["2024-05-05 00:17:36"],"user":["IdilAzak"],"umph":[1714861056.384],"ok":[true],"chunk":[31],"ex":[2],"e.ind":[0],"code":["reg2 <- lm(unem78 ~ train + unem75, data=jtrain3)\nstargazer(reg1, reg2)"],"message":[""]}
,
{"type":["check_chunk"],"time":["2024-05-05 00:17:36"],"user":["IdilAzak"],"umph":[1714861056.4013],"ok":[true],"chunk":[32],"ex":[2],"e.ind":[0],"code":["jtrain3_la <- filter(jtrain3, unem75 == 1)\njtrain3_ka <- filter(jtrain3, unem75 == 0)"],"message":[""]}
,
{"type":["check_chunk"],"time":["2024-05-05 00:17:36"],"user":["IdilAzak"],"umph":[1714861056.709],"ok":[true],"chunk":[33],"ex":[2],"e.ind":[0],"code":["reg_la <- lm(unem78 ~ train, data=jtrain3_la)\nreg_ka <- lm(unem78 ~ train, data=jtrain3_ka)\n\nstargazer(reg1, reg2, reg_la, reg_ka,type=\"text\",keep.stat=c(\"n\"), column.labels = c(\"alle\",\"alle\", \"Lang Alo\",\"Kurz Alo\") )"],"message":[""]}
,
{"type":["check_chunk"],"time":["2024-05-05 00:17:36"],"user":["IdilAzak"],"umph":[1714861056.8908],"ok":[true],"chunk":[34],"ex":[2],"e.ind":[0],"code":["reg3 <- lm(unem78 ~ train + unem75 + train:unem75 , data=jtrain3)\nstargazer(reg_la, reg_ka, reg3, type=\"text\",keep.stat=c(\"n\"), column.labels = c(\"Lang Alo\",\"Kurz Alo\", \"alle\") )"],"message":[""]}
,
{"type":["check_chunk"],"time":["2024-05-05 00:17:36"],"user":["IdilAzak"],"umph":[1714861056.8948],"ok":[true],"chunk":[35],"ex":[2],"e.ind":[0],"code":["\"nein\""],"message":[""]}
,
