{"type":["init_ps"],"time":["2024-05-10 15:54:54"],"user":["IdilAzak"],"umph":[1715349294.2052],"ok":[true]}
,
{"type":["check_chunk"],"time":["2024-05-10 15:54:54"],"user":["IdilAzak"],"umph":[1715349294.2409],"ok":[true],"chunk":[1],"ex":[1],"e.ind":[0],"code":["\n2\n"],"message":[""]}
,
{"type":["check_chunk"],"time":["2024-05-10 15:54:54"],"user":["IdilAzak"],"umph":[1715349294.2489],"ok":[true],"chunk":[2],"ex":[1],"e.ind":[0],"code":["\n\"nein\"\n"],"message":[""]}
,
{"type":["check_chunk"],"time":["2024-05-10 15:54:55"],"user":["IdilAzak"],"umph":[1715349295.6221],"ok":[true],"chunk":[3],"ex":[1],"e.ind":[0],"code":["thp <- read_csv(\"./data/THP_clean.csv\") %>%\n  select(newid, uc, depressed_1y, treat, age_baseline, age_baseline_sq, kids_no, famstruct_baseline, grandmother_baseline, edu_mo, edu_fa, employed_mo_baseline, incomeindex, depindex_0, mspss_tot)\nskim(thp)\n"],"message":[""]}
,
{"type":["check_chunk"],"time":["2024-05-10 15:54:55"],"user":["IdilAzak"],"umph":[1715349295.6314],"ok":[false],"chunk":[4],"ex":[1],"e.ind":[1],"code":["thp_plots <- thp %>%\n  mutate(treat_factor = as.factor(ifelse(treat == 1 , \"Treatment\", \"Kontrolle\")),\n         depressed = as.factor(ifelse(depressed_1y == 0, \"keine Depressionen\", \"Depressionen\"))) %>%\n  filter( !is.na(depressed)) \n#plot_prop_depression <- ggplot(___, aes(x = ___, fill = ___)) +\n#  geom_bar(position = \"fill\") +\n#  labs(x = NULL, y = \"Anteil an Depressionen\", fill = NULL) +\n#  scale_fill_manual(values = c(\"darkblue\", \"darkred\"))\n\n#plot_prop_depression\n\n# enter your code here ...\n"],"message":["\nYou have not yet made an assignment to plot_prop_depression in chunk 1_d."]}
,
{"type":["hint"],"time":["2024-05-10 15:55:19"],"user":["IdilAzak"],"umph":[1715349319.8359],"ok":[true],"chunk":[4],"ex":[1],"e.ind":[1]}
,
{"type":["check_ps"],"time":["2024-05-10 15:56:02"],"user":["IdilAzak"],"umph":[1715349362.2792],"ok":[true]}
,
{"type":["check_chunk"],"time":["2024-05-10 15:56:02"],"user":["IdilAzak"],"umph":[1715349362.4645],"ok":[true],"chunk":[4],"ex":[1],"e.ind":[0],"code":["thp_plots <- thp %>%\n  mutate(treat_factor = as.factor(ifelse(treat == 1 , \"Treatment\", \"Kontrolle\")),\n         depressed = as.factor(ifelse(depressed_1y == 0, \"keine Depressionen\", \"Depressionen\"))) %>%\n  filter( !is.na(depressed)) \nplot_prop_depression <- ggplot(thp_plots, aes(x = depressed, fill = treat_factor)) +\n  geom_bar(position = \"fill\") +\n  labs(x = NULL, y = \"Anteil an Depressionen\", fill = NULL) +\n  scale_fill_manual(values = c(\"darkblue\", \"darkred\"))\nplot_prop_depression\n"],"message":[""]}
,
{"type":["check_chunk"],"time":["2024-05-10 15:56:02"],"user":["IdilAzak"],"umph":[1715349362.4691],"ok":[false],"chunk":[5],"ex":[1],"e.ind":[1],"code":["\n# enter your code here ...\n"],"message":["\nYou have not yet entered all correct commands in chunk 1_e."]}
,
{"type":["check_ps"],"time":["2024-05-10 15:57:21"],"user":["IdilAzak"],"umph":[1715349441.3375],"ok":[true]}
,
{"type":["check_chunk"],"time":["2024-05-10 15:57:21"],"user":["IdilAzak"],"umph":[1715349441.3518],"ok":[true],"chunk":[5],"ex":[1],"e.ind":[0],"code":["\n\"ja\""],"message":[""]}
,
{"type":["check_chunk"],"time":["2024-05-10 15:57:21"],"user":["IdilAzak"],"umph":[1715349441.3587],"ok":[false],"chunk":[6],"ex":[1],"e.ind":[1],"code":["\"überschätzen\""],"message":["\nYou have not yet entered all correct commands in chunk 1_f."]}
,
{"type":["check_ps"],"time":["2024-05-10 15:58:38"],"user":["IdilAzak"],"umph":[1715349518.8754],"ok":[true]}
,
{"type":["check_chunk"],"time":["2024-05-10 15:58:38"],"user":["IdilAzak"],"umph":[1715349518.9614],"ok":[true],"chunk":[7],"ex":[1],"e.ind":[0],"code":["thp %>% \n  pivot_longer(cols = -treat, names_to = \"variable\", values_to = \"value\") %>%\n  group_nest(variable) %>%\n  mutate(t.test = map(data, ~tidy(t.test(value ~ treat, data = .x)))) %>%\n  unnest(t.test) %>%\n  mutate( Mean_Treatment = round(estimate2, 2),\n          Mean_Kontrolle = round(estimate1, 2),\n    Differenz = round(estimate, 4),\n          Signifikanz = round(p.value,4)) %>%\n  select(variable, Mean_Treatment, Mean_Kontrolle, Differenz, Signifikanz)"],"message":[""]}
,
{"type":["check_chunk"],"time":["2024-05-10 15:58:38"],"user":["IdilAzak"],"umph":[1715349518.9665],"ok":[true],"chunk":[8],"ex":[1],"e.ind":[0],"code":["3\n"],"message":[""]}
,
{"type":["check_chunk"],"time":["2024-05-10 15:58:38"],"user":["IdilAzak"],"umph":[1715349518.9806],"ok":[false],"chunk":[9],"ex":[1],"e.ind":[3],"code":["reg1 <- lm(depressed_1y ~ treat, data=thp)\nreg2 <- lm(depressed_1y ~ treat + depindex_0, data=thp)\n\n# enter your code here ...\n"],"message":["\nYou have not yet made an assignment to reg3 in chunk 1_h."]}
,
{"type":["hint"],"time":["2024-05-10 15:58:55"],"user":["IdilAzak"],"umph":[1715349535.8408],"ok":[true],"chunk":[9],"ex":[1],"e.ind":[3]}
,
{"type":["check_ps"],"time":["2024-05-10 15:59:18"],"user":["IdilAzak"],"umph":[1715349558.7574],"ok":[true]}
,
{"type":["check_chunk"],"time":["2024-05-10 15:59:18"],"user":["IdilAzak"],"umph":[1715349558.7803],"ok":[true],"chunk":[9],"ex":[1],"e.ind":[0],"code":["reg1 <- lm(depressed_1y ~ treat, data=thp)\nreg2 <- lm(depressed_1y ~ treat + depindex_0, data=thp)\nreg3 <- lm(depressed_1y ~ treat + depindex_0 + age_baseline + age_baseline_sq + kids_no + famstruct_baseline + grandmother_baseline + edu_mo + edu_fa + employed_mo_baseline + incomeindex + mspss_tot , data=thp)\n"],"message":[""]}
,
{"type":["check_chunk"],"time":["2024-05-10 15:59:19"],"user":["IdilAzak"],"umph":[1715349559.237],"ok":[true],"chunk":[10],"ex":[1],"e.ind":[0],"code":["stargazer( reg1, reg2, reg3 ,type = \"text\",  digits=2, omit.stat = c(\"f\",\"ser\"))"],"message":[""]}
,
{"type":["check_chunk"],"time":["2024-05-10 15:59:19"],"user":["IdilAzak"],"umph":[1715349559.2424],"ok":[false],"chunk":[11],"ex":[1],"e.ind":[1],"code":["\n# enter your code here ...\n"],"message":["\nYou have not yet entered all correct commands in chunk 1_i_2."]}
,
{"type":["check_ps"],"time":["2024-05-10 16:01:02"],"user":["IdilAzak"],"umph":[1715349662.9298],"ok":[true]}
,
{"type":["check_chunk"],"time":["2024-05-10 16:01:02"],"user":["IdilAzak"],"umph":[1715349662.9423],"ok":[true],"chunk":[11],"ex":[1],"e.ind":[0],"code":["\nc(2,4)\n"],"message":[""]}
,
{"type":["check_chunk"],"time":["2024-05-10 16:01:02"],"user":["IdilAzak"],"umph":[1715349662.9457],"ok":[false],"chunk":[12],"ex":[1],"e.ind":[1],"code":["\n# enter your code here ...\n"],"message":["\nYou have not yet entered all correct commands in chunk 1_j."]}
,
{"type":["check_ps"],"time":["2024-05-10 16:02:54"],"user":["IdilAzak"],"umph":[1715349774.4061],"ok":[true]}
,
{"type":["check_chunk"],"time":["2024-05-10 16:02:54"],"user":["IdilAzak"],"umph":[1715349774.4184],"ok":[true],"chunk":[12],"ex":[1],"e.ind":[0],"code":["\n2\n"],"message":[""]}
,
{"type":["check_chunk"],"time":["2024-05-10 16:02:55"],"user":["IdilAzak"],"umph":[1715349775.8206],"ok":[true],"chunk":[13],"ex":[2],"e.ind":[0],"code":["library(AER)\ndata(Fertility)\nhead(Fertility)\nskim(Fertility)"],"message":[""]}
,
{"type":["check_chunk"],"time":["2024-05-10 16:02:55"],"user":["IdilAzak"],"umph":[1715349775.8262],"ok":[true],"chunk":[14],"ex":[2],"e.ind":[0],"code":["\n2"],"message":[""]}
,
{"type":["check_chunk"],"time":["2024-05-10 16:02:55"],"user":["IdilAzak"],"umph":[1715349775.8521],"ok":[false],"chunk":[15],"ex":[2],"e.ind":[1],"code":["Fertility <- Fertility %>%\n  mutate(work01 = case_when(work > 0 ~ 1,\n                            work == 0 ~ 0))\n\n# enter your code here ...\n\n\n# enter your code here ...\n"],"message":["\nYou have not yet made an assignment to reg1 in chunk 2_b."]}
,
{"type":["hint"],"time":["2024-05-10 16:03:29"],"user":["IdilAzak"],"umph":[1715349809.7994],"ok":[true],"chunk":[15],"ex":[2],"e.ind":[1]}
,
{"type":["check_ps"],"time":["2024-05-10 16:03:57"],"user":["IdilAzak"],"umph":[1715349837.5365],"ok":[true]}
,
{"type":["check_chunk"],"time":["2024-05-10 16:03:58"],"user":["IdilAzak"],"umph":[1715349838.0434],"ok":[true],"chunk":[15],"ex":[2],"e.ind":[0],"code":["Fertility <- Fertility %>%\n  mutate(work01 = case_when(work > 0 ~ 1,\n                            work == 0 ~ 0))\n\nreg1 <- lm(work01 ~ morekids, data=Fertility)\nsummary(reg1)"],"message":[""]}
,
{"type":["check_chunk"],"time":["2024-05-10 16:03:58"],"user":["IdilAzak"],"umph":[1715349838.0495],"ok":[false],"chunk":[16],"ex":[2],"e.ind":[1],"code":["\n# enter your code here ...\n"],"message":["\nYou have not yet entered all correct commands in chunk 2_c."]}
,
{"type":["check_ps"],"time":["2024-05-10 16:04:35"],"user":["IdilAzak"],"umph":[1715349875.9094],"ok":[true]}
,
{"type":["check_chunk"],"time":["2024-05-10 16:04:35"],"user":["IdilAzak"],"umph":[1715349875.9225],"ok":[true],"chunk":[16],"ex":[2],"e.ind":[0],"code":["\n2\n"],"message":[""]}
,
{"type":["check_chunk"],"time":["2024-05-10 16:04:35"],"user":["IdilAzak"],"umph":[1715349875.9511],"ok":[true],"chunk":[17],"ex":[2],"e.ind":[0],"code":["grViz('digraph G {\n\nx [label=\"erklärende Variable x\"]\ny [label=\"abhängige Variable y\"]\nz [label=\"Instrument z\"]\n\nx -> y [label=\"+\"];\nz -> x [label=\"+\"];\nz -> y [label=\"+\"];\n}')"],"message":[""]}
,
{"type":["check_chunk"],"time":["2024-05-10 16:04:35"],"user":["IdilAzak"],"umph":[1715349875.9638],"ok":[true],"chunk":[18],"ex":[2],"e.ind":[0],"code":["grViz('digraph G {\n\nx [label=\"erklärende Variable x\"]\ny [label=\"abhängige Variable y\"]\nz [label=\"Instrument z\"]\n\nx -> y [label=\"-\"];\nz -> y [label=\"+\"];\n}')"],"message":[""]}
,
{"type":["check_chunk"],"time":["2024-05-10 16:04:35"],"user":["IdilAzak"],"umph":[1715349875.982],"ok":[true],"chunk":[19],"ex":[2],"e.ind":[0],"code":["grViz('digraph G {\n\nx [label=\"erklärende Variable x\"]\ny [label=\"abhängige Variable y\"]\nz [label=\"Instrument z\"]\n\nx -> y [label=\"-\"];\nz -> x [label=\"+\"];\n}')"],"message":[""]}
,
{"type":["check_chunk"],"time":["2024-05-10 16:04:35"],"user":["IdilAzak"],"umph":[1715349875.9885],"ok":[false],"chunk":[20],"ex":[2],"e.ind":[1],"code":["\n# enter your code here ...\n"],"message":["\nYou have not yet entered all correct commands in chunk 2_d_4."]}
,
{"type":["hint"],"time":["2024-05-10 16:11:15"],"user":["IdilAzak"],"umph":[1715350275.4586],"ok":[true],"chunk":[20],"ex":[2],"e.ind":[1]}
,
{"type":["check_ps"],"time":["2024-05-10 16:16:10"],"user":["IdilAzak"],"umph":[1715350570.3201],"ok":[true]}
,
{"type":["check_chunk"],"time":["2024-05-10 16:16:10"],"user":["IdilAzak"],"umph":[1715350570.3351],"ok":[true],"chunk":[20],"ex":[2],"e.ind":[0],"code":["\n3\n"],"message":[""]}
,
{"type":["check_chunk"],"time":["2024-05-10 16:16:10"],"user":["IdilAzak"],"umph":[1715350570.9104],"ok":[true],"chunk":[21],"ex":[2],"e.ind":[0],"code":["Fertility <- Fertility %>%\n  mutate(morekids = ifelse(morekids== \"yes\", 1, 0)) %>%\n  mutate(afam = ifelse(afam== \"yes\", 1, 0)) %>%\n  mutate(same_sex = ifelse(gender1== gender2, 1, 0))\n  \nreg1 <-  Fertility %>%\n  lm(morekids ~ gender2, data=.)\n\nreg2 <- Fertility %>%\n  lm(morekids ~ afam, data=.)\n\n reg3 <- Fertility %>%\n  lm(morekids ~ same_sex, data=.)\n\n stargazer(reg1, reg2, reg3, type = \"text\", digits=3)"],"message":[""]}
,
{"type":["check_chunk"],"time":["2024-05-10 16:16:10"],"user":["IdilAzak"],"umph":[1715350570.9159],"ok":[true],"chunk":[22],"ex":[2],"e.ind":[0],"code":["\n3\n"],"message":[""]}
,
{"type":["check_chunk"],"time":["2024-05-10 16:16:11"],"user":["IdilAzak"],"umph":[1715350571.3499],"ok":[true],"chunk":[23],"ex":[2],"e.ind":[0],"code":["\nivreg(work01 ~ morekids | same_sex, data = Fertility) %>% \n  summary(diagnostics=TRUE)\n"],"message":[""]}
,
{"type":["check_chunk"],"time":["2024-05-10 16:16:11"],"user":["IdilAzak"],"umph":[1715350571.4951],"ok":[true],"chunk":[24],"ex":[2],"e.ind":[0],"code":["\nivreg(work01 ~ morekids | same_sex, data = Fertility) %>% \n  summary()\n"],"message":[""]}
,
{"type":["check_chunk"],"time":["2024-05-10 16:16:11"],"user":["IdilAzak"],"umph":[1715350571.5022],"ok":[true],"chunk":[25],"ex":[2],"e.ind":[0],"code":["\n2\n"],"message":[""]}
,
{"type":["check_chunk"],"time":["2024-05-10 16:16:11"],"user":["IdilAzak"],"umph":[1715350571.5089],"ok":[false],"chunk":[26],"ex":[2],"e.ind":[1],"code":["\nc(1,2,4)\n"],"message":["\nYou have not yet entered all correct commands in chunk 2_g."]}
,
{"type":["check_ps"],"time":["2024-05-10 16:16:23"],"user":["IdilAzak"],"umph":[1715350583.324],"ok":[true]}
,
{"type":["check_chunk"],"time":["2024-05-10 16:16:23"],"user":["IdilAzak"],"umph":[1715350583.3333],"ok":[false],"chunk":[26],"ex":[2],"e.ind":[1],"code":["\nc(1,2,4)\n"],"message":["\nYou have not yet entered all correct commands in chunk 2_g."]}
,
{"type":["hint"],"time":["2024-05-10 16:16:56"],"user":["IdilAzak"],"umph":[1715350616.4633],"ok":[true],"chunk":[26],"ex":[2],"e.ind":[1]}
,
{"type":["check_ps"],"time":["2024-05-10 16:17:17"],"user":["IdilAzak"],"umph":[1715350637.7108],"ok":[true]}
,
{"type":["check_chunk"],"time":["2024-05-10 16:17:17"],"user":["IdilAzak"],"umph":[1715350637.7238],"ok":[false],"chunk":[26],"ex":[2],"e.ind":[1],"code":["\nc(1,2,4)\n"],"message":["\nYou have not yet entered all correct commands in chunk 2_g."]}
,
{"type":["check_ps"],"time":["2024-05-10 16:17:42"],"user":["IdilAzak"],"umph":[1715350662.737],"ok":[true]}
,
{"type":["check_chunk"],"time":["2024-05-10 16:17:42"],"user":["IdilAzak"],"umph":[1715350662.7482],"ok":[true],"chunk":[26],"ex":[2],"e.ind":[0],"code":["\nc(1,2,3)\n"],"message":[""]}
,
{"type":["check_chunk"],"time":["2024-05-10 16:17:42"],"user":["IdilAzak"],"umph":[1715350662.7524],"ok":[false],"chunk":[6],"ex":[1],"e.ind":[1],"code":["\"überschätzen\""],"message":["\nYou have not yet entered all correct commands in chunk 1_f."]}
,
{"type":["check_ps"],"time":["2024-05-10 16:17:53"],"user":["IdilAzak"],"umph":[1715350673.5497],"ok":[true]}
,
{"type":["check_chunk"],"time":["2024-05-10 16:17:53"],"user":["IdilAzak"],"umph":[1715350673.5623],"ok":[false],"chunk":[26],"ex":[2],"e.ind":[1],"code":["\nc(1,2,4)\n"],"message":["\nYou have not yet entered all correct commands in chunk 2_g."]}
,
{"type":["check_ps"],"time":["2024-05-10 16:18:13"],"user":["IdilAzak"],"umph":[1715350693.3076],"ok":[true]}
,
{"type":["check_chunk"],"time":["2024-05-10 16:18:13"],"user":["IdilAzak"],"umph":[1715350693.3185],"ok":[false],"chunk":[26],"ex":[2],"e.ind":[1],"code":["\nc(1,2,4)\n"],"message":["\nYou have not yet entered all correct commands in chunk 2_g."]}
,
{"type":["check_ps"],"time":["2024-05-10 16:18:28"],"user":["IdilAzak"],"umph":[1715350708.5581],"ok":[true]}
,
{"type":["check_chunk"],"time":["2024-05-10 16:18:28"],"user":["IdilAzak"],"umph":[1715350708.5687],"ok":[true],"chunk":[26],"ex":[2],"e.ind":[0],"code":["\nc(1,2,3)\n"],"message":[""]}
,
{"type":["check_chunk"],"time":["2024-05-10 16:18:28"],"user":["IdilAzak"],"umph":[1715350708.5751],"ok":[false],"chunk":[6],"ex":[1],"e.ind":[1],"code":["\"überschätzen\""],"message":["\nYou have not yet entered all correct commands in chunk 1_f."]}
,
{"type":["check_ps"],"time":["2024-05-10 16:18:40"],"user":["IdilAzak"],"umph":[1715350720.5606],"ok":[true]}
,
{"type":["check_chunk"],"time":["2024-05-10 16:18:40"],"user":["IdilAzak"],"umph":[1715350720.5732],"ok":[false],"chunk":[25],"ex":[2],"e.ind":[1],"code":["\n1\n"],"message":["\nYou have not yet entered all correct commands in chunk 2_f_2."]}
,
{"type":["check_ps"],"time":["2024-05-10 16:18:55"],"user":["IdilAzak"],"umph":[1715350735.4881],"ok":[true]}
,
{"type":["check_chunk"],"time":["2024-05-10 16:18:55"],"user":["IdilAzak"],"umph":[1715350735.4985],"ok":[false],"chunk":[25],"ex":[2],"e.ind":[1],"code":["\n3\n"],"message":["\nYou have not yet entered all correct commands in chunk 2_f_2."]}
,
{"type":["check_ps"],"time":["2024-05-10 16:19:06"],"user":["IdilAzak"],"umph":[1715350746.5009],"ok":[true]}
,
{"type":["check_chunk"],"time":["2024-05-10 16:19:06"],"user":["IdilAzak"],"umph":[1715350746.5143],"ok":[false],"chunk":[25],"ex":[2],"e.ind":[1],"code":["\n4"],"message":["\nYou have not yet entered all correct commands in chunk 2_f_2."]}
,
{"type":["check_ps"],"time":["2024-05-10 16:19:14"],"user":["IdilAzak"],"umph":[1715350754.8215],"ok":[true]}
,
{"type":["check_chunk"],"time":["2024-05-10 16:19:14"],"user":["IdilAzak"],"umph":[1715350754.8342],"ok":[false],"chunk":[25],"ex":[2],"e.ind":[1],"code":["\n5"],"message":["\nYou have not yet entered all correct commands in chunk 2_f_2."]}
,
{"type":["check_ps"],"time":["2024-05-10 16:19:21"],"user":["IdilAzak"],"umph":[1715350761.5785],"ok":[true]}
,
{"type":["check_chunk"],"time":["2024-05-10 16:19:21"],"user":["IdilAzak"],"umph":[1715350761.5906],"ok":[true],"chunk":[25],"ex":[2],"e.ind":[0],"code":["\n2"],"message":[""]}
,
{"type":["check_chunk"],"time":["2024-05-10 16:19:21"],"user":["IdilAzak"],"umph":[1715350761.5971],"ok":[true],"chunk":[26],"ex":[2],"e.ind":[0],"code":["\nc(1,2,3)\n"],"message":[""]}
,
{"type":["check_chunk"],"time":["2024-05-10 16:19:21"],"user":["IdilAzak"],"umph":[1715350761.6035],"ok":[false],"chunk":[6],"ex":[1],"e.ind":[1],"code":["\"überschätzen\""],"message":["\nYou have not yet entered all correct commands in chunk 1_f."]}
,
{"type":["check_ps"],"time":["2024-05-10 16:19:35"],"user":["IdilAzak"],"umph":[1715350775.7961],"ok":[true]}
,
{"type":["check_chunk"],"time":["2024-05-10 16:19:35"],"user":["IdilAzak"],"umph":[1715350775.8099],"ok":[false],"chunk":[26],"ex":[2],"e.ind":[1],"code":["\nc(1,2,4)\n"],"message":["\nYou have not yet entered all correct commands in chunk 2_g."]}
,
{"type":["check_ps"],"time":["2024-05-10 16:19:53"],"user":["IdilAzak"],"umph":[1715350793.4878],"ok":[true]}
,
{"type":["check_chunk"],"time":["2024-05-10 16:19:53"],"user":["IdilAzak"],"umph":[1715350793.4983],"ok":[false],"chunk":[26],"ex":[2],"e.ind":[1],"code":["\nc(1,2,4)\n"],"message":["\nYou have not yet entered all correct commands in chunk 2_g."]}
,
{"type":["grade_ps"],"time":["2024-05-10 16:20:16"],"user":["IdilAzak"],"umph":[1715350816.8293],"ok":[true]}
,
{"type":["init_ps"],"time":["2024-05-10 16:20:16"],"user":["IdilAzak"],"umph":[1715350816.8443],"ok":[true]}
,
{"type":["check_chunk"],"time":["2024-05-10 16:20:16"],"user":["IdilAzak"],"umph":[1715350816.8542],"ok":[true],"chunk":[1],"ex":[1],"e.ind":[0],"code":["\n2\n"],"message":[""]}
,
{"type":["check_chunk"],"time":["2024-05-10 16:20:16"],"user":["IdilAzak"],"umph":[1715350816.8607],"ok":[true],"chunk":[2],"ex":[1],"e.ind":[0],"code":["\n\"nein\"\n"],"message":[""]}
,
{"type":["check_chunk"],"time":["2024-05-10 16:20:17"],"user":["IdilAzak"],"umph":[1715350817.8197],"ok":[true],"chunk":[3],"ex":[1],"e.ind":[0],"code":["thp <- read_csv(\"./data/THP_clean.csv\") %>%\n  select(newid, uc, depressed_1y, treat, age_baseline, age_baseline_sq, kids_no, famstruct_baseline, grandmother_baseline, edu_mo, edu_fa, employed_mo_baseline, incomeindex, depindex_0, mspss_tot)\nskim(thp)\n"],"message":[""]}
,
{"type":["check_chunk"],"time":["2024-05-10 16:20:17"],"user":["IdilAzak"],"umph":[1715350817.9227],"ok":[true],"chunk":[4],"ex":[1],"e.ind":[0],"code":["thp_plots <- thp %>%\n  mutate(treat_factor = as.factor(ifelse(treat == 1 , \"Treatment\", \"Kontrolle\")),\n         depressed = as.factor(ifelse(depressed_1y == 0, \"keine Depressionen\", \"Depressionen\"))) %>%\n  filter( !is.na(depressed)) \nplot_prop_depression <- ggplot(thp_plots, aes(x = depressed, fill = treat_factor)) +\n  geom_bar(position = \"fill\") +\n  labs(x = NULL, y = \"Anteil an Depressionen\", fill = NULL) +\n  scale_fill_manual(values = c(\"darkblue\", \"darkred\"))\nplot_prop_depression\n"],"message":[""]}
,
{"type":["check_chunk"],"time":["2024-05-10 16:20:17"],"user":["IdilAzak"],"umph":[1715350817.9274],"ok":[true],"chunk":[5],"ex":[1],"e.ind":[0],"code":["\n\"ja\""],"message":[""]}
,
{"type":["check_chunk"],"time":["2024-05-10 16:20:17"],"user":["IdilAzak"],"umph":[1715350817.9315],"ok":[false],"chunk":[6],"ex":[1],"e.ind":[1],"code":["\"überschätzen\""],"message":["\nYou have not yet entered all correct commands in chunk 1_f."]}
,
{"type":["check_chunk"],"time":["2024-05-10 16:20:19"],"user":["IdilAzak"],"umph":[1715350819.4157],"ok":[true],"chunk":[13],"ex":[2],"e.ind":[0],"code":["library(AER)\ndata(Fertility)\nhead(Fertility)\nskim(Fertility)"],"message":[""]}
,
{"type":["check_chunk"],"time":["2024-05-10 16:20:19"],"user":["IdilAzak"],"umph":[1715350819.4205],"ok":[true],"chunk":[14],"ex":[2],"e.ind":[0],"code":["\n2"],"message":[""]}
,
{"type":["check_chunk"],"time":["2024-05-10 16:20:19"],"user":["IdilAzak"],"umph":[1715350819.7695],"ok":[true],"chunk":[15],"ex":[2],"e.ind":[0],"code":["Fertility <- Fertility %>%\n  mutate(work01 = case_when(work > 0 ~ 1,\n                            work == 0 ~ 0))\n\nreg1 <- lm(work01 ~ morekids, data=Fertility)\nsummary(reg1)"],"message":[""]}
,
{"type":["check_chunk"],"time":["2024-05-10 16:20:19"],"user":["IdilAzak"],"umph":[1715350819.7751],"ok":[true],"chunk":[16],"ex":[2],"e.ind":[0],"code":["\n2\n"],"message":[""]}
,
{"type":["check_chunk"],"time":["2024-05-10 16:20:19"],"user":["IdilAzak"],"umph":[1715350819.794],"ok":[true],"chunk":[17],"ex":[2],"e.ind":[0],"code":["grViz('digraph G {\n\nx [label=\"erklärende Variable x\"]\ny [label=\"abhängige Variable y\"]\nz [label=\"Instrument z\"]\n\nx -> y [label=\"+\"];\nz -> x [label=\"+\"];\nz -> y [label=\"+\"];\n}')"],"message":[""]}
,
{"type":["check_chunk"],"time":["2024-05-10 16:20:19"],"user":["IdilAzak"],"umph":[1715350819.8082],"ok":[true],"chunk":[18],"ex":[2],"e.ind":[0],"code":["grViz('digraph G {\n\nx [label=\"erklärende Variable x\"]\ny [label=\"abhängige Variable y\"]\nz [label=\"Instrument z\"]\n\nx -> y [label=\"-\"];\nz -> y [label=\"+\"];\n}')"],"message":[""]}
,
{"type":["check_chunk"],"time":["2024-05-10 16:20:19"],"user":["IdilAzak"],"umph":[1715350819.8235],"ok":[true],"chunk":[19],"ex":[2],"e.ind":[0],"code":["grViz('digraph G {\n\nx [label=\"erklärende Variable x\"]\ny [label=\"abhängige Variable y\"]\nz [label=\"Instrument z\"]\n\nx -> y [label=\"-\"];\nz -> x [label=\"+\"];\n}')"],"message":[""]}
,
{"type":["check_chunk"],"time":["2024-05-10 16:20:19"],"user":["IdilAzak"],"umph":[1715350819.8291],"ok":[true],"chunk":[20],"ex":[2],"e.ind":[0],"code":["\n3\n"],"message":[""]}
,
{"type":["check_chunk"],"time":["2024-05-10 16:20:20"],"user":["IdilAzak"],"umph":[1715350820.4249],"ok":[true],"chunk":[21],"ex":[2],"e.ind":[0],"code":["Fertility <- Fertility %>%\n  mutate(morekids = ifelse(morekids== \"yes\", 1, 0)) %>%\n  mutate(afam = ifelse(afam== \"yes\", 1, 0)) %>%\n  mutate(same_sex = ifelse(gender1== gender2, 1, 0))\n  \nreg1 <-  Fertility %>%\n  lm(morekids ~ gender2, data=.)\n\nreg2 <- Fertility %>%\n  lm(morekids ~ afam, data=.)\n\n reg3 <- Fertility %>%\n  lm(morekids ~ same_sex, data=.)\n\n stargazer(reg1, reg2, reg3, type = \"text\", digits=3)"],"message":[""]}
,
{"type":["check_chunk"],"time":["2024-05-10 16:20:20"],"user":["IdilAzak"],"umph":[1715350820.4296],"ok":[true],"chunk":[22],"ex":[2],"e.ind":[0],"code":["\n3\n"],"message":[""]}
,
{"type":["check_chunk"],"time":["2024-05-10 16:20:20"],"user":["IdilAzak"],"umph":[1715350820.7442],"ok":[true],"chunk":[23],"ex":[2],"e.ind":[0],"code":["\nivreg(work01 ~ morekids | same_sex, data = Fertility) %>% \n  summary(diagnostics=TRUE)\n"],"message":[""]}
,
{"type":["check_chunk"],"time":["2024-05-10 16:20:21"],"user":["IdilAzak"],"umph":[1715350821.0699],"ok":[true],"chunk":[24],"ex":[2],"e.ind":[0],"code":["\nivreg(work01 ~ morekids | same_sex, data = Fertility) %>% \n  summary()\n"],"message":[""]}
,
{"type":["check_chunk"],"time":["2024-05-10 16:20:21"],"user":["IdilAzak"],"umph":[1715350821.0763],"ok":[true],"chunk":[25],"ex":[2],"e.ind":[0],"code":["\n2"],"message":[""]}
,
{"type":["check_chunk"],"time":["2024-05-10 16:20:21"],"user":["IdilAzak"],"umph":[1715350821.0815],"ok":[false],"chunk":[26],"ex":[2],"e.ind":[1],"code":["\nc(1,2,4)\n"],"message":["\nYou have not yet entered all correct commands in chunk 2_g."]}
,
